
ec: system execution failed.
Following is the set of recorded exceptions:

******************************** Thread exception *****************************
In thread           Root thread            0x0 (thread id)
*******************************************************************************
-------------------------------------------------------------------------------
Class / Object      Routine                Nature of exception           Effect
-------------------------------------------------------------------------------
SELECTABLE_TEXT_PANEL
                    ev_application @1      attached shared_environment.application as l_app:
<000001C37853A308>  (From EV_SHARED_APPLICATION)
                                           Assertion violated.           Fail
-------------------------------------------------------------------------------
SELECTABLE_TEXT_PANEL
                    ev_application @1      
<000001C37853A308>  (From EV_SHARED_APPLICATION)
                                           Routine failure.              Fail
-------------------------------------------------------------------------------
SELECTABLE_TEXT_PANEL
                    user_initialization @1 
<000001C37853A308>  (From KEYBOARD_SELECTABLE_TEXT_PANEL)
                                           Routine failure.              Fail
-------------------------------------------------------------------------------
SELECTABLE_TEXT_PANEL
                    user_initialization @7 
<000001C37853A308>                         Routine failure.              Fail
-------------------------------------------------------------------------------
SELECTABLE_TEXT_PANEL
                    initialize @30         
<000001C37853A308>  (From TEXT_PANEL_IMP)  Routine failure.              Fail
-------------------------------------------------------------------------------
SELECTABLE_TEXT_PANEL
                    default_create @4      
<000001C37853A308>  (From TEXT_PANEL)      Routine failure.              Fail
-------------------------------------------------------------------------------
ES_EXCEPTION_DIALOG build_prompt_interface @7
<000001C378530848>                         Routine failure.              Fail
-------------------------------------------------------------------------------
ES_EXCEPTION_DIALOG build_dialog_interface @18
<000001C378530848>  (From ES_PROMPT)       Routine failure.              Fail
-------------------------------------------------------------------------------
ES_EXCEPTION_DIALOG build_interface @7                                  
<000001C378530848>  (From ES_DIALOG)       Routine failure.              Fail
-------------------------------------------------------------------------------
ES_EXCEPTION_DIALOG make @4                                             
<000001C378530848>  (From ES_TOOL_FOUNDATIONS)
                                           Routine failure.              Fail
-------------------------------------------------------------------------------
ES_EXCEPTION_DIALOG make @7                                             
<000001C378530848>  (From ES_PROMPT)       Routine failure.              Fail
-------------------------------------------------------------------------------
ES_EXCEPTION_DIALOG make_standard @1                                    
<000001C378530848>  (From ES_PROMPT)       Routine failure.              Fail
-------------------------------------------------------------------------------
ES_EXCEPTION_DIALOG make @1                                             
<000001C378530848>                         Routine failure.              Fail
-------------------------------------------------------------------------------
ES_GRAPHIC          clean_exit @1                                       
<000001C3791AD708>  (From ES_ABSTRACT_GRAPHIC)
                                           Routine failure.              Fail
-------------------------------------------------------------------------------
ES_GRAPHIC          handle_exception @3                                 
<000001C3791AD708>  (From ES_ABSTRACT_GRAPHIC)
                                           Routine failure.              Fail
-------------------------------------------------------------------------------
EV_LITE_ACTION_SEQUENCE
                    call @22               
<000001C3791AD9C8>  (From ACTION_SEQUENCE) Routine failure.              Fail
-------------------------------------------------------------------------------
EV_LITE_ACTION_SEQUENCE
                    call @3                
<000001C3791AD9C8>                         Routine failure.              Fail
-------------------------------------------------------------------------------
EV_APPLICATION_IMP  on_exception_action @7                              
<000001C3791AD3C8>  (From EV_APPLICATION_I)
                                           Routine failure.              Fail
-------------------------------------------------------------------------------
EV_APPLICATION_IMP  call_post_launch_actions @3
<000001C3791AD3C8>  (From EV_APPLICATION_I)
                                           Resumption attempt failed.    Rescue
-------------------------------------------------------------------------------
EV_APPLICATION      internal_launch_application @1
<000001C3791AD728>                         Routine failure.              Fail
-------------------------------------------------------------------------------
EV_APPLICATION      launch @4                                           
<000001C3791AD728>                         Routine failure.              Rescue
-------------------------------------------------------------------------------
ES_GRAPHIC          make @4                                             
<000001C3791AD708>                         Routine failure.              Fail
-------------------------------------------------------------------------------
EB_KERNEL           make @4                                             
<000001C379053268>                         Routine failure.              Fail
-------------------------------------------------------------------------------
EB_KERNEL           root's creation                                     
<000001C379053268>                         Routine failure.              Exit
-------------------------------------------------------------------------------
