
chess: system execution failed.
Following is the set of recorded exceptions:

******************************** Thread exception *****************************
In thread           Root thread            0x0 (thread id)
*******************************************************************************
-------------------------------------------------------------------------------
Class / Object      Routine                Nature of exception           Effect
-------------------------------------------------------------------------------
HISTORY             item @1                on_item:                     
<00000000063D69D8>                         Precondition violated.        Fail
-------------------------------------------------------------------------------
ETF_UNDO            undo @5                                             
<00000000063C4FF8>                         Routine failure.              Fail
-------------------------------------------------------------------------------
PROCEDURE           fast_call                                           
<00000000063C51D8>                         Routine failure.              Fail
-------------------------------------------------------------------------------
PROCEDURE           call @3                                             
<00000000063C51D8>                         Routine failure.              Fail
-------------------------------------------------------------------------------
PROCEDURE           apply @2                                            
<00000000063C51D8>                         Routine failure.              Fail
-------------------------------------------------------------------------------
ETF_ABSTRACT_UI     run_input_commands @2                               
<000000000639BA78>  (From ETF_ABSTRACT_UI_INTERFACE)
                                           Routine failure.              Fail
-------------------------------------------------------------------------------
ETF_SOFTWARE_OPERATION
                    execute @9             
<000000000639B3F8>  (From ETF_SOFTWARE_OPERATION_INTERFACE)
                                           Routine failure.              Fail
-------------------------------------------------------------------------------
ROOT                exec @3                                             
<00000000063965A8>  (From ETF_CMD_LINE_ROOT_INTERFACE)
                                           Routine failure.              Fail
-------------------------------------------------------------------------------
ROOT                handle_batch_mode @5                                
<00000000063965A8>  (From ETF_CMD_LINE_ROOT_INTERFACE)
                                           Routine failure.              Fail
-------------------------------------------------------------------------------
ROOT                make @27                                            
<00000000063965A8>  (From ETF_CMD_LINE_ROOT_INTERFACE)
                                           Routine failure.              Fail
-------------------------------------------------------------------------------
ROOT                make @16                                            
<00000000063965A8>  (From ETF_ROOT_INTERFACE)
                                           Routine failure.              Rescue
-------------------------------------------------------------------------------
ROOT                root's creation                                     
<00000000063965A8>                         Routine failure.              Exit
-------------------------------------------------------------------------------

chess: system execution failed.
Following is the set of recorded exceptions:

******************************** Thread exception *****************************
In thread           Root thread            0x0 (thread id)
*******************************************************************************
-------------------------------------------------------------------------------
Class / Object      Routine                Nature of exception           Effect
-------------------------------------------------------------------------------
HISTORY             set_call @1            c ~ "undo" or c ~ "redo":    
<0000000006452A38>                         Precondition violated.        Fail
-------------------------------------------------------------------------------
ETF_UNDO            undo @3                                             
<000000000643FB78>                         Routine failure.              Fail
-------------------------------------------------------------------------------
PROCEDURE           fast_call                                           
<000000000643FD58>                         Routine failure.              Fail
-------------------------------------------------------------------------------
PROCEDURE           call @3                                             
<000000000643FD58>                         Routine failure.              Fail
-------------------------------------------------------------------------------
PROCEDURE           apply @2                                            
<000000000643FD58>                         Routine failure.              Fail
-------------------------------------------------------------------------------
ETF_ABSTRACT_UI     run_input_commands @2                               
<0000000006417AD8>  (From ETF_ABSTRACT_UI_INTERFACE)
                                           Routine failure.              Fail
-------------------------------------------------------------------------------
ETF_SOFTWARE_OPERATION
                    execute @9             
<00000000064173F8>  (From ETF_SOFTWARE_OPERATION_INTERFACE)
                                           Routine failure.              Fail
-------------------------------------------------------------------------------
ROOT                exec @3                                             
<00000000064125A8>  (From ETF_CMD_LINE_ROOT_INTERFACE)
                                           Routine failure.              Fail
-------------------------------------------------------------------------------
ROOT                handle_batch_mode @5                                
<00000000064125A8>  (From ETF_CMD_LINE_ROOT_INTERFACE)
                                           Routine failure.              Fail
-------------------------------------------------------------------------------
ROOT                make @27                                            
<00000000064125A8>  (From ETF_CMD_LINE_ROOT_INTERFACE)
                                           Routine failure.              Fail
-------------------------------------------------------------------------------
ROOT                make @16                                            
<00000000064125A8>  (From ETF_ROOT_INTERFACE)
                                           Routine failure.              Rescue
-------------------------------------------------------------------------------
ROOT                root's creation                                     
<00000000064125A8>                         Routine failure.              Exit
-------------------------------------------------------------------------------
